<?xml version="1.0" encoding="UTF-8"?>
<testng-results ignored="0" total="5" passed="4" failed="1" skipped="0">
  <reporter-output>
  </reporter-output>
  <suite started-at="2024-12-26T09:58:15 IST" name="BrowserStack Parallel Test Suite" finished-at="2024-12-26T09:59:35 IST" duration-ms="80665">
    <groups>
    </groups>
    <test started-at="2024-12-26T09:58:15 IST" name="Mac Safari" finished-at="2024-12-26T09:58:45 IST" duration-ms="30692">
      <class name="com.example.BrowserStackTest">
        <test-method signature="test(java.lang.String,java.lang.String,java.lang.String,java.lang.String,java.lang.String,boolean)[pri:0, instance:com.example.BrowserStackTest@36ebc363]" started-at="2024-12-26T09:58:15 IST" name="test" finished-at="2024-12-26T09:58:45 IST" duration-ms="30650" status="PASS">
          <params>
            <param index="0">
              <value>
                <![CDATA[OS X]]>
              </value>
            </param>
            <param index="1">
              <value>
                <![CDATA[Monterey]]>
              </value>
            </param>
            <param index="2">
              <value>
                <![CDATA[Safari]]>
              </value>
            </param>
            <param index="3">
              <value>
                <![CDATA[latest]]>
              </value>
            </param>
            <param index="4">
              <value>
                <![CDATA[]]>
              </value>
            </param>
            <param index="5">
              <value>
                <![CDATA[false]]>
              </value>
            </param>
          </params>
          <reporter-output>
          </reporter-output>
        </test-method> <!-- test -->
      </class> <!-- com.example.BrowserStackTest -->
    </test> <!-- Mac Safari -->
    <test started-at="2024-12-26T09:58:15 IST" name="Mobile Android" finished-at="2024-12-26T09:58:54 IST" duration-ms="39079">
      <class name="com.example.BrowserStackTest">
        <test-method signature="test(java.lang.String,java.lang.String,java.lang.String,java.lang.String,java.lang.String,boolean)[pri:0, instance:com.example.BrowserStackTest@38425407]" started-at="2024-12-26T09:58:15 IST" name="test" finished-at="2024-12-26T09:58:54 IST" duration-ms="39039" status="PASS">
          <params>
            <param index="0">
              <value>
                <![CDATA[Android]]>
              </value>
            </param>
            <param index="1">
              <value>
                <![CDATA[11.0]]>
              </value>
            </param>
            <param index="2">
              <value>
                <![CDATA[Chrome]]>
              </value>
            </param>
            <param index="3">
              <value>
                <![CDATA[latest]]>
              </value>
            </param>
            <param index="4">
              <value>
                <![CDATA[Samsung Galaxy S22]]>
              </value>
            </param>
            <param index="5">
              <value>
                <![CDATA[true]]>
              </value>
            </param>
          </params>
          <reporter-output>
          </reporter-output>
        </test-method> <!-- test -->
      </class> <!-- com.example.BrowserStackTest -->
    </test> <!-- Mobile Android -->
    <test started-at="2024-12-26T09:58:15 IST" name="Windows Chrome" finished-at="2024-12-26T09:58:54 IST" duration-ms="39173">
      <class name="com.example.BrowserStackTest">
        <test-method signature="test(java.lang.String,java.lang.String,java.lang.String,java.lang.String,java.lang.String,boolean)[pri:0, instance:com.example.BrowserStackTest@2f9f7dcf]" started-at="2024-12-26T09:58:15 IST" name="test" finished-at="2024-12-26T09:58:54 IST" duration-ms="39133" status="PASS">
          <params>
            <param index="0">
              <value>
                <![CDATA[Windows]]>
              </value>
            </param>
            <param index="1">
              <value>
                <![CDATA[10]]>
              </value>
            </param>
            <param index="2">
              <value>
                <![CDATA[Chrome]]>
              </value>
            </param>
            <param index="3">
              <value>
                <![CDATA[latest]]>
              </value>
            </param>
            <param index="4">
              <value>
                <![CDATA[]]>
              </value>
            </param>
            <param index="5">
              <value>
                <![CDATA[false]]>
              </value>
            </param>
          </params>
          <reporter-output>
          </reporter-output>
        </test-method> <!-- test -->
      </class> <!-- com.example.BrowserStackTest -->
    </test> <!-- Windows Chrome -->
    <test started-at="2024-12-26T09:58:15 IST" name="Windows Firefox" finished-at="2024-12-26T09:59:05 IST" duration-ms="50002">
      <class name="com.example.BrowserStackTest">
        <test-method signature="test(java.lang.String,java.lang.String,java.lang.String,java.lang.String,java.lang.String,boolean)[pri:0, instance:com.example.BrowserStackTest@5b12b668]" started-at="2024-12-26T09:58:15 IST" name="test" finished-at="2024-12-26T09:59:05 IST" duration-ms="49963" status="PASS">
          <params>
            <param index="0">
              <value>
                <![CDATA[Windows]]>
              </value>
            </param>
            <param index="1">
              <value>
                <![CDATA[10]]>
              </value>
            </param>
            <param index="2">
              <value>
                <![CDATA[Firefox]]>
              </value>
            </param>
            <param index="3">
              <value>
                <![CDATA[latest]]>
              </value>
            </param>
            <param index="4">
              <value>
                <![CDATA[]]>
              </value>
            </param>
            <param index="5">
              <value>
                <![CDATA[false]]>
              </value>
            </param>
          </params>
          <reporter-output>
          </reporter-output>
        </test-method> <!-- test -->
      </class> <!-- com.example.BrowserStackTest -->
    </test> <!-- Windows Firefox -->
    <test started-at="2024-12-26T09:58:15 IST" name="Mobile iPhone" finished-at="2024-12-26T09:59:35 IST" duration-ms="80665">
      <class name="com.example.BrowserStackTest">
        <test-method signature="test(java.lang.String,java.lang.String,java.lang.String,java.lang.String,java.lang.String,boolean)[pri:0, instance:com.example.BrowserStackTest@6025e1b6]" started-at="2024-12-26T09:58:15 IST" name="test" finished-at="2024-12-26T09:59:35 IST" duration-ms="80621" status="FAIL">
          <params>
            <param index="0">
              <value>
                <![CDATA[iOS]]>
              </value>
            </param>
            <param index="1">
              <value>
                <![CDATA[16.0]]>
              </value>
            </param>
            <param index="2">
              <value>
                <![CDATA[Safari]]>
              </value>
            </param>
            <param index="3">
              <value>
                <![CDATA[latest]]>
              </value>
            </param>
            <param index="4">
              <value>
                <![CDATA[iPhone 13 Pro]]>
              </value>
            </param>
            <param index="5">
              <value>
                <![CDATA[true]]>
              </value>
            </param>
          </params>
          <exception class="org.openqa.selenium.TimeoutException">
            <message>
              <![CDATA[Expected condition failed: waiting for element to be clickable: By.linkText: Opinión (tried for 20 second(s) with 500 milliseconds interval)
Build info: version: '4.12.0', revision: '249f2a7d1b*'
System info: os.name: 'Windows 10', os.arch: 'amd64', os.version: '10.0', java.version: '14.0.1'
Driver info: org.openqa.selenium.remote.RemoteWebDriver
Capabilities {automationName: XCUITest, bootstrapPath: /usr/local/.browserstack/co..., browserName: safari, browserVersion: latest, browserstack.isTargetBased: true, databaseEnabled: false, deviceName: iPhone 13 Pro, deviceOrientation: PORTRAIT, javascriptEnabled: true, keychainPassword: [REDACTED VALUE], keychainPath: [REDACTED VALUE], locationContextEnabled: false, networkConnectionEnabled: false, newCommandTimeout: 0, noReset: true, orientation: PORTRAIT, platform: MAC, platformName: IOS, realMobile: true, safariIgnoreFraudWarning: true, takesScreenshot: true, udid: 00008110-0001101634F8801E, useXctestrunFile: true, webStorageEnabled: false}
Session ID: a72dada485ea7fcf1128817f7075c0f033b0c73a]]>
            </message>
            <full-stacktrace>
              <![CDATA[org.openqa.selenium.TimeoutException: Expected condition failed: waiting for element to be clickable: By.linkText: Opinión (tried for 20 second(s) with 500 milliseconds interval)
Build info: version: '4.12.0', revision: '249f2a7d1b*'
System info: os.name: 'Windows 10', os.arch: 'amd64', os.version: '10.0', java.version: '14.0.1'
Driver info: org.openqa.selenium.remote.RemoteWebDriver
Capabilities {automationName: XCUITest, bootstrapPath: /usr/local/.browserstack/co..., browserName: safari, browserVersion: latest, browserstack.isTargetBased: true, databaseEnabled: false, deviceName: iPhone 13 Pro, deviceOrientation: PORTRAIT, javascriptEnabled: true, keychainPassword: [REDACTED VALUE], keychainPath: [REDACTED VALUE], locationContextEnabled: false, networkConnectionEnabled: false, newCommandTimeout: 0, noReset: true, orientation: PORTRAIT, platform: MAC, platformName: IOS, realMobile: true, safariIgnoreFraudWarning: true, takesScreenshot: true, udid: 00008110-0001101634F8801E, useXctestrunFile: true, webStorageEnabled: false}
Session ID: a72dada485ea7fcf1128817f7075c0f033b0c73a
at org.openqa.selenium.support.ui.WebDriverWait.timeoutException(WebDriverWait.java:84)
at org.openqa.selenium.support.ui.FluentWait.until(FluentWait.java:230)
at com.example.ElPaisScraper.scrapeOpinionSection(ElPaisScraper.java:93)
at com.example.BrowserStackTest.test(BrowserStackTest.java:48)
at java.base/jdk.internal.reflect.NativeMethodAccessorImpl.invoke0(Native Method)
at java.base/jdk.internal.reflect.NativeMethodAccessorImpl.invoke(NativeMethodAccessorImpl.java:62)
at java.base/jdk.internal.reflect.DelegatingMethodAccessorImpl.invoke(DelegatingMethodAccessorImpl.java:43)
at java.base/java.lang.reflect.Method.invoke(Method.java:564)
at org.testng.internal.MethodInvocationHelper.invokeMethod(MethodInvocationHelper.java:133)
at org.testng.internal.TestInvoker.invokeMethod(TestInvoker.java:598)
at org.testng.internal.TestInvoker.invokeTestMethod(TestInvoker.java:173)
at org.testng.internal.MethodRunner.runInSequence(MethodRunner.java:46)
at org.testng.internal.TestInvoker$MethodInvocationAgent.invoke(TestInvoker.java:824)
at org.testng.internal.TestInvoker.invokeTestMethods(TestInvoker.java:146)
at org.testng.internal.TestMethodWorker.invokeTestMethods(TestMethodWorker.java:146)
at org.testng.internal.TestMethodWorker.run(TestMethodWorker.java:128)
at java.base/java.util.ArrayList.forEach(ArrayList.java:1510)
at org.testng.TestRunner.privateRun(TestRunner.java:794)
at org.testng.TestRunner.run(TestRunner.java:596)
at org.testng.SuiteRunner.runTest(SuiteRunner.java:377)
at org.testng.SuiteRunner.access$000(SuiteRunner.java:28)
at org.testng.SuiteRunner$SuiteWorker.run(SuiteRunner.java:418)
at org.testng.internal.thread.ThreadUtil.lambda$execute$0(ThreadUtil.java:64)
at java.base/java.util.concurrent.FutureTask.run(FutureTask.java:264)
at java.base/java.util.concurrent.ThreadPoolExecutor.runWorker(ThreadPoolExecutor.java:1130)
at java.base/java.util.concurrent.ThreadPoolExecutor$Worker.run(ThreadPoolExecutor.java:630)
at java.base/java.lang.Thread.run(Thread.java:832)
]]>
            </full-stacktrace>
          </exception> <!-- org.openqa.selenium.TimeoutException -->
          <reporter-output>
          </reporter-output>
        </test-method> <!-- test -->
      </class> <!-- com.example.BrowserStackTest -->
    </test> <!-- Mobile iPhone -->
  </suite> <!-- BrowserStack Parallel Test Suite -->
</testng-results>
